1
2
3
4
5
6
schpoo
8
9
10
11
12
puckey
schpoo
15
16
17
18
19
20
schpoo
22
23
24
25
puckey
27
schpoo
29
30
31
32
33
34
schpoo
36
37
38
puckey
40
41
schpoo
43
44
45
46
47
48
schpoo
50
51
puckey
53
54
55
schpoo
57
58
59
60
61
62
schpoo
64
puckey
66
67
68
69
schpoo
71
72
73
74
75
76
schpoo
puckey
79
80
81
82
83
schpoo
85
86
87
88
89
90
schpoopuckey
92
93
94
95
96
97
schpoo
99
100
101
102
103
puckey
schpoo
106
107
108
109
110
111
schpoo
113
114
115
116
puckey
118
schpoo
120
121
122
123
124
125
schpoo
127
128
129
puckey
131
132
schpoo
134
135
136
137
138
139
schpoo
141
142
puckey
144
145
146
schpoo
148
149
150
151
152
153
schpoo
155
puckey
157
158
159
160
schpoo
162
163
164
165
166
167
schpoo
puckey
170
171
172
173
174
schpoo
176
177
178
179
180
181
schpoopuckey
183
184
185
186
187
188
schpoo
190
191
192
193
194
puckey
schpoo
197
198
199
200
201
202
schpoo
204
205
206
207
puckey
209
schpoo
211
212
213
214
215
216
schpoo
218
219
220
puckey
222
223
schpoo
225
226
227
228
229
230
schpoo
232
233
puckey
235
236
237
schpoo
239
240
241
242
243
244
schpoo
246
puckey
248
249
250
